2020-03-23 16:41:18,760   /home/pi/OctoPrint/venv/bin/python2 -m pip --disable-pip-version-check uninstall --yes YouTube-Live
2020-03-23 16:41:21,319 > Uninstalling YouTube-Live-0.5.0:
2020-03-23 16:41:21,320 > Successfully uninstalled YouTube-Live-0.5.0
2020-03-23 16:41:22,248 > Cleaning up plugin youtubelive...
2020-03-23 16:42:55,070   /home/pi/OctoPrint/venv/bin/python2 -m pip --disable-pip-version-check install https://github.com/google/OctoPrint-HeaterTimeout/archive/master.zip --no-cache-dir
2020-03-23 16:42:58,101 > Looking in indexes: https://pypi.org/simple, https://www.piwheels.org/simple
2020-03-23 16:42:58,102 > Collecting https://github.com/google/OctoPrint-HeaterTimeout/archive/master.zip
2020-03-23 16:43:09,115 > Downloading https://github.com/google/OctoPrint-HeaterTimeout/archive/master.zip
2020-03-23 16:43:13,565 > Requirement already satisfied: OctoPrint in /home/pi/OctoPrint/venv/lib/python2.7/site-packages (from OctoPrint-HeaterTimeout==0.0.3) (1.4.0)
2020-03-23 16:43:13,575 > Requirement already satisfied: flask<0.13,>=0.12 in /home/pi/OctoPrint/venv/lib/python2.7/site-packages (from OctoPrint->OctoPrint-HeaterTimeout==0.0.3) (0.12.5)
2020-03-23 16:43:13,576 > Requirement already satisfied: Jinja2<2.9,>=2.8.1 in /home/pi/OctoPrint/venv/lib/python2.7/site-packages (from OctoPrint->OctoPrint-HeaterTimeout==0.0.3) (2.8.1)
2020-03-23 16:43:13,577 > Requirement already satisfied: tornado==4.5.3 in /home/pi/OctoPrint/venv/lib/python2.7/site-packages (from OctoPrint->OctoPrint-HeaterTimeout==0.0.3) (4.5.3)
2020-03-23 16:43:13,577 > Requirement already satisfied: regex!=2018.11.6 in /home/pi/OctoPrint/venv/lib/python2.7/site-packages (from OctoPrint->OctoPrint-HeaterTimeout==0.0.3) (2018.8.29)
2020-03-23 16:43:13,578 > Requirement already satisfied: Flask-Login<0.5,>=0.4.1 in /home/pi/OctoPrint/venv/lib/python2.7/site-packages (from OctoPrint->OctoPrint-HeaterTimeout==0.0.3) (0.4.1)
2020-03-23 16:43:13,578 > Requirement already satisfied: Flask-Babel<0.13,>=0.12 in /home/pi/OctoPrint/venv/lib/python2.7/site-packages (from OctoPrint->OctoPrint-HeaterTimeout==0.0.3) (0.12.2)
2020-03-23 16:43:13,579 > Requirement already satisfied: Flask-Assets<0.13,>=0.12 in /home/pi/OctoPrint/venv/lib/python2.7/site-packages (from OctoPrint->OctoPrint-HeaterTimeout==0.0.3) (0.12)
2020-03-23 16:43:13,579 > Requirement already satisfied: blinker<1.5,>=1.4 in /home/pi/OctoPrint/venv/lib/python2.7/site-packages (from OctoPrint->OctoPrint-HeaterTimeout==0.0.3) (1.4)
2020-03-23 16:43:13,580 > Requirement already satisfied: werkzeug<0.17,>=0.16 in /home/pi/OctoPrint/venv/lib/python2.7/site-packages (from OctoPrint->OctoPrint-HeaterTimeout==0.0.3) (0.16.1)
2020-03-23 16:43:13,580 > Requirement already satisfied: cachelib<0.2,>=0.1 in /home/pi/OctoPrint/venv/lib/python2.7/site-packages (from OctoPrint->OctoPrint-HeaterTimeout==0.0.3) (0.1)
2020-03-23 16:43:13,580 > Requirement already satisfied: PyYAML<6,>=5.1 in /home/pi/OctoPrint/venv/lib/python2.7/site-packages (from OctoPrint->OctoPrint-HeaterTimeout==0.0.3) (5.3)
2020-03-23 16:43:13,581 > Requirement already satisfied: markdown<3.2,>=3.1 in /home/pi/OctoPrint/venv/lib/python2.7/site-packages (from OctoPrint->OctoPrint-HeaterTimeout==0.0.3) (3.1.1)
2020-03-23 16:43:13,581 > Requirement already satisfied: pyserial<3.5,>=3.4 in /home/pi/OctoPrint/venv/lib/python2.7/site-packages (from OctoPrint->OctoPrint-HeaterTimeout==0.0.3) (3.4)
2020-03-23 16:43:13,582 > Requirement already satisfied: netaddr<0.8,>=0.7.19 in /home/pi/OctoPrint/venv/lib/python2.7/site-packages (from OctoPrint->OctoPrint-HeaterTimeout==0.0.3) (0.7.19)
2020-03-23 16:43:13,582 > Requirement already satisfied: watchdog<0.10,>=0.9.0 in /home/pi/OctoPrint/venv/lib/python2.7/site-packages (from OctoPrint->OctoPrint-HeaterTimeout==0.0.3) (0.9.0)
2020-03-23 16:43:13,583 > Requirement already satisfied: sarge==0.1.5post0 in /home/pi/OctoPrint/venv/lib/python2.7/site-packages (from OctoPrint->OctoPrint-HeaterTimeout==0.0.3) (0.1.5.post0)
2020-03-23 16:43:13,583 > Requirement already satisfied: netifaces<0.11,>=0.10.9 in /home/pi/OctoPrint/venv/lib/python2.7/site-packages (from OctoPrint->OctoPrint-HeaterTimeout==0.0.3) (0.10.9)
2020-03-23 16:43:13,583 > Requirement already satisfied: pylru<1.3,>=1.2 in /home/pi/OctoPrint/venv/lib/python2.7/site-packages (from OctoPrint->OctoPrint-HeaterTimeout==0.0.3) (1.2.0)
2020-03-23 16:43:13,584 > Requirement already satisfied: rsa<5,>=4.0 in /home/pi/OctoPrint/venv/lib/python2.7/site-packages (from OctoPrint->OctoPrint-HeaterTimeout==0.0.3) (4.0)
2020-03-23 16:43:13,584 > Requirement already satisfied: pkginfo<1.6,>=1.5.0.1 in /home/pi/OctoPrint/venv/lib/python2.7/site-packages (from OctoPrint->OctoPrint-HeaterTimeout==0.0.3) (1.5.0.1)
2020-03-23 16:43:13,585 > Requirement already satisfied: requests<3,>=2.22.0 in /home/pi/OctoPrint/venv/lib/python2.7/site-packages (from OctoPrint->OctoPrint-HeaterTimeout==0.0.3) (2.23.0)
2020-03-23 16:43:13,585 > Requirement already satisfied: semantic_version<2.9,>=2.8 in /home/pi/OctoPrint/venv/lib/python2.7/site-packages (from OctoPrint->OctoPrint-HeaterTimeout==0.0.3) (2.8.4)
2020-03-23 16:43:13,586 > Requirement already satisfied: psutil<5.7,>=5.6.5 in /home/pi/OctoPrint/venv/lib/python2.7/site-packages (from OctoPrint->OctoPrint-HeaterTimeout==0.0.3) (5.6.7)
2020-03-23 16:43:13,586 > Requirement already satisfied: Click<8,>=7 in /home/pi/OctoPrint/venv/lib/python2.7/site-packages (from OctoPrint->OctoPrint-HeaterTimeout==0.0.3) (7.1.1)
2020-03-23 16:43:13,587 > Requirement already satisfied: awesome-slugify<1.7,>=1.6.5 in /home/pi/OctoPrint/venv/lib/python2.7/site-packages (from OctoPrint->OctoPrint-HeaterTimeout==0.0.3) (1.6.5)
2020-03-23 16:43:13,587 > Requirement already satisfied: feedparser<5.3,>=5.2.1 in /home/pi/OctoPrint/venv/lib/python2.7/site-packages (from OctoPrint->OctoPrint-HeaterTimeout==0.0.3) (5.2.1)
2020-03-23 16:43:13,588 > Requirement already satisfied: future<0.19,>=0.18.2 in /home/pi/OctoPrint/venv/lib/python2.7/site-packages (from OctoPrint->OctoPrint-HeaterTimeout==0.0.3) (0.18.2)
2020-03-23 16:43:13,588 > Requirement already satisfied: websocket-client<0.57,>=0.56 in /home/pi/OctoPrint/venv/lib/python2.7/site-packages (from OctoPrint->OctoPrint-HeaterTimeout==0.0.3) (0.56.0)
2020-03-23 16:43:13,588 > Requirement already satisfied: wrapt<1.12,>=1.11.2 in /home/pi/OctoPrint/venv/lib/python2.7/site-packages (from OctoPrint->OctoPrint-HeaterTimeout==0.0.3) (1.11.2)
2020-03-23 16:43:13,589 > Requirement already satisfied: emoji<0.6,>=0.5.4 in /home/pi/OctoPrint/venv/lib/python2.7/site-packages (from OctoPrint->OctoPrint-HeaterTimeout==0.0.3) (0.5.4)
2020-03-23 16:43:13,589 > Requirement already satisfied: frozendict<1.3,>=1.2 in /home/pi/OctoPrint/venv/lib/python2.7/site-packages (from OctoPrint->OctoPrint-HeaterTimeout==0.0.3) (1.2)
2020-03-23 16:43:13,590 > Requirement already satisfied: sentry-sdk==0.13.2 in /home/pi/OctoPrint/venv/lib/python2.7/site-packages (from OctoPrint->OctoPrint-HeaterTimeout==0.0.3) (0.13.2)
2020-03-23 16:43:13,590 > Requirement already satisfied: filetype<2,>=1.0.5 in /home/pi/OctoPrint/venv/lib/python2.7/site-packages (from OctoPrint->OctoPrint-HeaterTimeout==0.0.3) (1.0.5)
2020-03-23 16:43:13,591 > Requirement already satisfied: futures<3.4,>=3.3 in /home/pi/OctoPrint/venv/lib/python2.7/site-packages (from OctoPrint->OctoPrint-HeaterTimeout==0.0.3) (3.3.0)
2020-03-23 16:43:13,591 > Requirement already satisfied: monotonic<1.6,>=1.5 in /home/pi/OctoPrint/venv/lib/python2.7/site-packages (from OctoPrint->OctoPrint-HeaterTimeout==0.0.3) (1.5)
2020-03-23 16:43:13,591 > Requirement already satisfied: scandir<1.11,>=1.10 in /home/pi/OctoPrint/venv/lib/python2.7/site-packages (from OctoPrint->OctoPrint-HeaterTimeout==0.0.3) (1.10.0)
2020-03-23 16:43:13,592 > Requirement already satisfied: chainmap<1.1,>=1.0.3 in /home/pi/OctoPrint/venv/lib/python2.7/site-packages (from OctoPrint->OctoPrint-HeaterTimeout==0.0.3) (1.0.3)
2020-03-23 16:43:13,592 > Requirement already satisfied: typing<4,>=3.7.4.1 in /home/pi/OctoPrint/venv/lib/python2.7/site-packages (from OctoPrint->OctoPrint-HeaterTimeout==0.0.3) (3.7.4.1)
2020-03-23 16:43:13,593 > Requirement already satisfied: itsdangerous>=0.21 in /home/pi/OctoPrint/venv/lib/python2.7/site-packages (from flask<0.13,>=0.12->OctoPrint->OctoPrint-HeaterTimeout==0.0.3) (0.24)
2020-03-23 16:43:13,593 > Requirement already satisfied: MarkupSafe in /home/pi/OctoPrint/venv/lib/python2.7/site-packages (from Jinja2<2.9,>=2.8.1->OctoPrint->OctoPrint-HeaterTimeout==0.0.3) (1.0)
2020-03-23 16:43:13,594 > Requirement already satisfied: singledispatch in /home/pi/OctoPrint/venv/lib/python2.7/site-packages (from tornado==4.5.3->OctoPrint->OctoPrint-HeaterTimeout==0.0.3) (3.4.0.3)
2020-03-23 16:43:13,594 > Requirement already satisfied: certifi in /home/pi/OctoPrint/venv/lib/python2.7/site-packages (from tornado==4.5.3->OctoPrint->OctoPrint-HeaterTimeout==0.0.3) (2018.8.24)
2020-03-23 16:43:13,594 > Requirement already satisfied: backports-abc>=0.4 in /home/pi/OctoPrint/venv/lib/python2.7/site-packages (from tornado==4.5.3->OctoPrint->OctoPrint-HeaterTimeout==0.0.3) (0.5)
2020-03-23 16:43:13,595 > Requirement already satisfied: Babel>=2.3 in /home/pi/OctoPrint/venv/lib/python2.7/site-packages (from Flask-Babel<0.13,>=0.12->OctoPrint->OctoPrint-HeaterTimeout==0.0.3) (2.6.0)
2020-03-23 16:43:13,595 > Requirement already satisfied: webassets>=0.11.1 in /home/pi/OctoPrint/venv/lib/python2.7/site-packages (from Flask-Assets<0.13,>=0.12->OctoPrint->OctoPrint-HeaterTimeout==0.0.3) (0.12.1)
2020-03-23 16:43:13,596 > Requirement already satisfied: setuptools>=36 in /home/pi/OctoPrint/venv/lib/python2.7/site-packages (from markdown<3.2,>=3.1->OctoPrint->OctoPrint-HeaterTimeout==0.0.3) (40.4.3)
2020-03-23 16:43:13,596 > Requirement already satisfied: argh>=0.24.1 in /home/pi/OctoPrint/venv/lib/python2.7/site-packages (from watchdog<0.10,>=0.9.0->OctoPrint->OctoPrint-HeaterTimeout==0.0.3) (0.26.2)
2020-03-23 16:43:13,596 > Requirement already satisfied: pathtools>=0.1.1 in /home/pi/OctoPrint/venv/lib/python2.7/site-packages (from watchdog<0.10,>=0.9.0->OctoPrint->OctoPrint-HeaterTimeout==0.0.3) (0.1.2)
2020-03-23 16:43:13,597 > Requirement already satisfied: pyasn1>=0.1.3 in /home/pi/OctoPrint/venv/lib/python2.7/site-packages (from rsa<5,>=4.0->OctoPrint->OctoPrint-HeaterTimeout==0.0.3) (0.4.4)
2020-03-23 16:43:13,597 > Requirement already satisfied: urllib3!=1.25.0,!=1.25.1,<1.26,>=1.21.1 in /home/pi/OctoPrint/venv/lib/python2.7/site-packages (from requests<3,>=2.22.0->OctoPrint->OctoPrint-HeaterTimeout==0.0.3) (1.23)
2020-03-23 16:43:13,598 > Requirement already satisfied: idna<3,>=2.5 in /home/pi/OctoPrint/venv/lib/python2.7/site-packages (from requests<3,>=2.22.0->OctoPrint->OctoPrint-HeaterTimeout==0.0.3) (2.7)
2020-03-23 16:43:13,598 > Requirement already satisfied: chardet<4,>=3.0.2 in /home/pi/OctoPrint/venv/lib/python2.7/site-packages (from requests<3,>=2.22.0->OctoPrint->OctoPrint-HeaterTimeout==0.0.3) (3.0.4)
2020-03-23 16:43:13,599 > Requirement already satisfied: Unidecode<0.05,>=0.04.14 in /home/pi/OctoPrint/venv/lib/python2.7/site-packages (from awesome-slugify<1.7,>=1.6.5->OctoPrint->OctoPrint-HeaterTimeout==0.0.3) (0.4.21)
2020-03-23 16:43:13,599 > Requirement already satisfied: six in /home/pi/OctoPrint/venv/lib/python2.7/site-packages (from websocket-client<0.57,>=0.56->OctoPrint->OctoPrint-HeaterTimeout==0.0.3) (1.11.0)
2020-03-23 16:43:13,599 > Requirement already satisfied: pytz>=0a in /home/pi/OctoPrint/venv/lib/python2.7/site-packages (from Babel>=2.3->Flask-Babel<0.13,>=0.12->OctoPrint->OctoPrint-HeaterTimeout==0.0.3) (2018.5)
2020-03-23 16:43:13,600 > Installing collected packages: OctoPrint-HeaterTimeout
2020-03-23 16:43:13,600 > Running setup.py install for OctoPrint-HeaterTimeout: started
2020-03-23 16:43:16,035 > Running setup.py install for OctoPrint-HeaterTimeout: finished with status 'done'
2020-03-23 16:43:16,036 > Successfully installed OctoPrint-HeaterTimeout-0.0.3
2020-03-23 16:43:33,065   /home/pi/OctoPrint/venv/bin/python2 -m pip --disable-pip-version-check install https://github.com/tjjfvi/OctoPrint-BetterHeaterTimeout/archive/master.zip --no-cache-dir
2020-03-23 16:43:36,106 > Looking in indexes: https://pypi.org/simple, https://www.piwheels.org/simple
2020-03-23 16:43:36,107 > Collecting https://github.com/tjjfvi/OctoPrint-BetterHeaterTimeout/archive/master.zip
2020-03-23 16:43:47,123 > Downloading https://github.com/tjjfvi/OctoPrint-BetterHeaterTimeout/archive/master.zip
2020-03-23 16:43:51,173 > Requirement already satisfied: OctoPrint in /home/pi/OctoPrint/venv/lib/python2.7/site-packages (from OctoPrint-BetterHeaterTimeout==1.2.0) (1.4.0)
2020-03-23 16:43:51,173 > Requirement already satisfied: flask<0.13,>=0.12 in /home/pi/OctoPrint/venv/lib/python2.7/site-packages (from OctoPrint->OctoPrint-BetterHeaterTimeout==1.2.0) (0.12.5)
2020-03-23 16:43:51,174 > Requirement already satisfied: Jinja2<2.9,>=2.8.1 in /home/pi/OctoPrint/venv/lib/python2.7/site-packages (from OctoPrint->OctoPrint-BetterHeaterTimeout==1.2.0) (2.8.1)
2020-03-23 16:43:51,174 > Requirement already satisfied: tornado==4.5.3 in /home/pi/OctoPrint/venv/lib/python2.7/site-packages (from OctoPrint->OctoPrint-BetterHeaterTimeout==1.2.0) (4.5.3)
2020-03-23 16:43:51,175 > Requirement already satisfied: regex!=2018.11.6 in /home/pi/OctoPrint/venv/lib/python2.7/site-packages (from OctoPrint->OctoPrint-BetterHeaterTimeout==1.2.0) (2018.8.29)
2020-03-23 16:43:51,175 > Requirement already satisfied: Flask-Login<0.5,>=0.4.1 in /home/pi/OctoPrint/venv/lib/python2.7/site-packages (from OctoPrint->OctoPrint-BetterHeaterTimeout==1.2.0) (0.4.1)
2020-03-23 16:43:51,175 > Requirement already satisfied: Flask-Babel<0.13,>=0.12 in /home/pi/OctoPrint/venv/lib/python2.7/site-packages (from OctoPrint->OctoPrint-BetterHeaterTimeout==1.2.0) (0.12.2)
2020-03-23 16:43:51,176 > Requirement already satisfied: Flask-Assets<0.13,>=0.12 in /home/pi/OctoPrint/venv/lib/python2.7/site-packages (from OctoPrint->OctoPrint-BetterHeaterTimeout==1.2.0) (0.12)
2020-03-23 16:43:51,176 > Requirement already satisfied: blinker<1.5,>=1.4 in /home/pi/OctoPrint/venv/lib/python2.7/site-packages (from OctoPrint->OctoPrint-BetterHeaterTimeout==1.2.0) (1.4)
2020-03-23 16:43:51,177 > Requirement already satisfied: werkzeug<0.17,>=0.16 in /home/pi/OctoPrint/venv/lib/python2.7/site-packages (from OctoPrint->OctoPrint-BetterHeaterTimeout==1.2.0) (0.16.1)
2020-03-23 16:43:51,177 > Requirement already satisfied: cachelib<0.2,>=0.1 in /home/pi/OctoPrint/venv/lib/python2.7/site-packages (from OctoPrint->OctoPrint-BetterHeaterTimeout==1.2.0) (0.1)
2020-03-23 16:43:51,177 > Requirement already satisfied: PyYAML<6,>=5.1 in /home/pi/OctoPrint/venv/lib/python2.7/site-packages (from OctoPrint->OctoPrint-BetterHeaterTimeout==1.2.0) (5.3)
2020-03-23 16:43:51,178 > Requirement already satisfied: markdown<3.2,>=3.1 in /home/pi/OctoPrint/venv/lib/python2.7/site-packages (from OctoPrint->OctoPrint-BetterHeaterTimeout==1.2.0) (3.1.1)
2020-03-23 16:43:51,178 > Requirement already satisfied: pyserial<3.5,>=3.4 in /home/pi/OctoPrint/venv/lib/python2.7/site-packages (from OctoPrint->OctoPrint-BetterHeaterTimeout==1.2.0) (3.4)
2020-03-23 16:43:51,178 > Requirement already satisfied: netaddr<0.8,>=0.7.19 in /home/pi/OctoPrint/venv/lib/python2.7/site-packages (from OctoPrint->OctoPrint-BetterHeaterTimeout==1.2.0) (0.7.19)
2020-03-23 16:43:51,179 > Requirement already satisfied: watchdog<0.10,>=0.9.0 in /home/pi/OctoPrint/venv/lib/python2.7/site-packages (from OctoPrint->OctoPrint-BetterHeaterTimeout==1.2.0) (0.9.0)
2020-03-23 16:43:51,179 > Requirement already satisfied: sarge==0.1.5post0 in /home/pi/OctoPrint/venv/lib/python2.7/site-packages (from OctoPrint->OctoPrint-BetterHeaterTimeout==1.2.0) (0.1.5.post0)
2020-03-23 16:43:51,179 > Requirement already satisfied: netifaces<0.11,>=0.10.9 in /home/pi/OctoPrint/venv/lib/python2.7/site-packages (from OctoPrint->OctoPrint-BetterHeaterTimeout==1.2.0) (0.10.9)
2020-03-23 16:43:51,180 > Requirement already satisfied: pylru<1.3,>=1.2 in /home/pi/OctoPrint/venv/lib/python2.7/site-packages (from OctoPrint->OctoPrint-BetterHeaterTimeout==1.2.0) (1.2.0)
2020-03-23 16:43:51,180 > Requirement already satisfied: rsa<5,>=4.0 in /home/pi/OctoPrint/venv/lib/python2.7/site-packages (from OctoPrint->OctoPrint-BetterHeaterTimeout==1.2.0) (4.0)
2020-03-23 16:43:51,181 > Requirement already satisfied: pkginfo<1.6,>=1.5.0.1 in /home/pi/OctoPrint/venv/lib/python2.7/site-packages (from OctoPrint->OctoPrint-BetterHeaterTimeout==1.2.0) (1.5.0.1)
2020-03-23 16:43:51,181 > Requirement already satisfied: requests<3,>=2.22.0 in /home/pi/OctoPrint/venv/lib/python2.7/site-packages (from OctoPrint->OctoPrint-BetterHeaterTimeout==1.2.0) (2.23.0)
2020-03-23 16:43:51,181 > Requirement already satisfied: semantic_version<2.9,>=2.8 in /home/pi/OctoPrint/venv/lib/python2.7/site-packages (from OctoPrint->OctoPrint-BetterHeaterTimeout==1.2.0) (2.8.4)
2020-03-23 16:43:51,182 > Requirement already satisfied: psutil<5.7,>=5.6.5 in /home/pi/OctoPrint/venv/lib/python2.7/site-packages (from OctoPrint->OctoPrint-BetterHeaterTimeout==1.2.0) (5.6.7)
2020-03-23 16:43:51,182 > Requirement already satisfied: Click<8,>=7 in /home/pi/OctoPrint/venv/lib/python2.7/site-packages (from OctoPrint->OctoPrint-BetterHeaterTimeout==1.2.0) (7.1.1)
2020-03-23 16:43:51,182 > Requirement already satisfied: awesome-slugify<1.7,>=1.6.5 in /home/pi/OctoPrint/venv/lib/python2.7/site-packages (from OctoPrint->OctoPrint-BetterHeaterTimeout==1.2.0) (1.6.5)
2020-03-23 16:43:51,183 > Requirement already satisfied: feedparser<5.3,>=5.2.1 in /home/pi/OctoPrint/venv/lib/python2.7/site-packages (from OctoPrint->OctoPrint-BetterHeaterTimeout==1.2.0) (5.2.1)
2020-03-23 16:43:51,183 > Requirement already satisfied: future<0.19,>=0.18.2 in /home/pi/OctoPrint/venv/lib/python2.7/site-packages (from OctoPrint->OctoPrint-BetterHeaterTimeout==1.2.0) (0.18.2)
2020-03-23 16:43:51,184 > Requirement already satisfied: websocket-client<0.57,>=0.56 in /home/pi/OctoPrint/venv/lib/python2.7/site-packages (from OctoPrint->OctoPrint-BetterHeaterTimeout==1.2.0) (0.56.0)
2020-03-23 16:43:51,184 > Requirement already satisfied: wrapt<1.12,>=1.11.2 in /home/pi/OctoPrint/venv/lib/python2.7/site-packages (from OctoPrint->OctoPrint-BetterHeaterTimeout==1.2.0) (1.11.2)
2020-03-23 16:43:51,184 > Requirement already satisfied: emoji<0.6,>=0.5.4 in /home/pi/OctoPrint/venv/lib/python2.7/site-packages (from OctoPrint->OctoPrint-BetterHeaterTimeout==1.2.0) (0.5.4)
2020-03-23 16:43:51,185 > Requirement already satisfied: frozendict<1.3,>=1.2 in /home/pi/OctoPrint/venv/lib/python2.7/site-packages (from OctoPrint->OctoPrint-BetterHeaterTimeout==1.2.0) (1.2)
2020-03-23 16:43:51,185 > Requirement already satisfied: sentry-sdk==0.13.2 in /home/pi/OctoPrint/venv/lib/python2.7/site-packages (from OctoPrint->OctoPrint-BetterHeaterTimeout==1.2.0) (0.13.2)
2020-03-23 16:43:51,185 > Requirement already satisfied: filetype<2,>=1.0.5 in /home/pi/OctoPrint/venv/lib/python2.7/site-packages (from OctoPrint->OctoPrint-BetterHeaterTimeout==1.2.0) (1.0.5)
2020-03-23 16:43:51,186 > Requirement already satisfied: futures<3.4,>=3.3 in /home/pi/OctoPrint/venv/lib/python2.7/site-packages (from OctoPrint->OctoPrint-BetterHeaterTimeout==1.2.0) (3.3.0)
2020-03-23 16:43:51,186 > Requirement already satisfied: monotonic<1.6,>=1.5 in /home/pi/OctoPrint/venv/lib/python2.7/site-packages (from OctoPrint->OctoPrint-BetterHeaterTimeout==1.2.0) (1.5)
2020-03-23 16:43:51,187 > Requirement already satisfied: scandir<1.11,>=1.10 in /home/pi/OctoPrint/venv/lib/python2.7/site-packages (from OctoPrint->OctoPrint-BetterHeaterTimeout==1.2.0) (1.10.0)
2020-03-23 16:43:51,187 > Requirement already satisfied: chainmap<1.1,>=1.0.3 in /home/pi/OctoPrint/venv/lib/python2.7/site-packages (from OctoPrint->OctoPrint-BetterHeaterTimeout==1.2.0) (1.0.3)
2020-03-23 16:43:51,187 > Requirement already satisfied: typing<4,>=3.7.4.1 in /home/pi/OctoPrint/venv/lib/python2.7/site-packages (from OctoPrint->OctoPrint-BetterHeaterTimeout==1.2.0) (3.7.4.1)
2020-03-23 16:43:51,188 > Requirement already satisfied: itsdangerous>=0.21 in /home/pi/OctoPrint/venv/lib/python2.7/site-packages (from flask<0.13,>=0.12->OctoPrint->OctoPrint-BetterHeaterTimeout==1.2.0) (0.24)
2020-03-23 16:43:51,188 > Requirement already satisfied: MarkupSafe in /home/pi/OctoPrint/venv/lib/python2.7/site-packages (from Jinja2<2.9,>=2.8.1->OctoPrint->OctoPrint-BetterHeaterTimeout==1.2.0) (1.0)
2020-03-23 16:43:51,188 > Requirement already satisfied: singledispatch in /home/pi/OctoPrint/venv/lib/python2.7/site-packages (from tornado==4.5.3->OctoPrint->OctoPrint-BetterHeaterTimeout==1.2.0) (3.4.0.3)
2020-03-23 16:43:51,189 > Requirement already satisfied: certifi in /home/pi/OctoPrint/venv/lib/python2.7/site-packages (from tornado==4.5.3->OctoPrint->OctoPrint-BetterHeaterTimeout==1.2.0) (2018.8.24)
2020-03-23 16:43:51,189 > Requirement already satisfied: backports-abc>=0.4 in /home/pi/OctoPrint/venv/lib/python2.7/site-packages (from tornado==4.5.3->OctoPrint->OctoPrint-BetterHeaterTimeout==1.2.0) (0.5)
2020-03-23 16:43:51,190 > Requirement already satisfied: Babel>=2.3 in /home/pi/OctoPrint/venv/lib/python2.7/site-packages (from Flask-Babel<0.13,>=0.12->OctoPrint->OctoPrint-BetterHeaterTimeout==1.2.0) (2.6.0)
2020-03-23 16:43:51,190 > Requirement already satisfied: webassets>=0.11.1 in /home/pi/OctoPrint/venv/lib/python2.7/site-packages (from Flask-Assets<0.13,>=0.12->OctoPrint->OctoPrint-BetterHeaterTimeout==1.2.0) (0.12.1)
2020-03-23 16:43:51,190 > Requirement already satisfied: setuptools>=36 in /home/pi/OctoPrint/venv/lib/python2.7/site-packages (from markdown<3.2,>=3.1->OctoPrint->OctoPrint-BetterHeaterTimeout==1.2.0) (40.4.3)
2020-03-23 16:43:51,191 > Requirement already satisfied: argh>=0.24.1 in /home/pi/OctoPrint/venv/lib/python2.7/site-packages (from watchdog<0.10,>=0.9.0->OctoPrint->OctoPrint-BetterHeaterTimeout==1.2.0) (0.26.2)
2020-03-23 16:43:51,191 > Requirement already satisfied: pathtools>=0.1.1 in /home/pi/OctoPrint/venv/lib/python2.7/site-packages (from watchdog<0.10,>=0.9.0->OctoPrint->OctoPrint-BetterHeaterTimeout==1.2.0) (0.1.2)
2020-03-23 16:43:51,191 > Requirement already satisfied: pyasn1>=0.1.3 in /home/pi/OctoPrint/venv/lib/python2.7/site-packages (from rsa<5,>=4.0->OctoPrint->OctoPrint-BetterHeaterTimeout==1.2.0) (0.4.4)
2020-03-23 16:43:51,192 > Requirement already satisfied: urllib3!=1.25.0,!=1.25.1,<1.26,>=1.21.1 in /home/pi/OctoPrint/venv/lib/python2.7/site-packages (from requests<3,>=2.22.0->OctoPrint->OctoPrint-BetterHeaterTimeout==1.2.0) (1.23)
2020-03-23 16:43:51,192 > Requirement already satisfied: idna<3,>=2.5 in /home/pi/OctoPrint/venv/lib/python2.7/site-packages (from requests<3,>=2.22.0->OctoPrint->OctoPrint-BetterHeaterTimeout==1.2.0) (2.7)
2020-03-23 16:43:51,193 > Requirement already satisfied: chardet<4,>=3.0.2 in /home/pi/OctoPrint/venv/lib/python2.7/site-packages (from requests<3,>=2.22.0->OctoPrint->OctoPrint-BetterHeaterTimeout==1.2.0) (3.0.4)
2020-03-23 16:43:51,193 > Requirement already satisfied: Unidecode<0.05,>=0.04.14 in /home/pi/OctoPrint/venv/lib/python2.7/site-packages (from awesome-slugify<1.7,>=1.6.5->OctoPrint->OctoPrint-BetterHeaterTimeout==1.2.0) (0.4.21)
2020-03-23 16:43:51,193 > Requirement already satisfied: six in /home/pi/OctoPrint/venv/lib/python2.7/site-packages (from websocket-client<0.57,>=0.56->OctoPrint->OctoPrint-BetterHeaterTimeout==1.2.0) (1.11.0)
2020-03-23 16:43:51,194 > Requirement already satisfied: pytz>=0a in /home/pi/OctoPrint/venv/lib/python2.7/site-packages (from Babel>=2.3->Flask-Babel<0.13,>=0.12->OctoPrint->OctoPrint-BetterHeaterTimeout==1.2.0) (2018.5)
2020-03-23 16:43:51,194 > Installing collected packages: OctoPrint-BetterHeaterTimeout
2020-03-23 16:43:51,195 > Running setup.py install for OctoPrint-BetterHeaterTimeout: started
2020-03-23 16:43:53,679 > Running setup.py install for OctoPrint-BetterHeaterTimeout: finished with status 'done'
2020-03-23 16:43:53,680 > Successfully installed OctoPrint-BetterHeaterTimeout-1.2.0
